[2023-03-17T12:19:20.079+0000] {manager.py:483} INFO - Processing files using up to 2 processes at a time 
[2023-03-17T12:19:20.082+0000] {manager.py:484} INFO - Process each file at most once every 30 seconds
[2023-03-17T12:19:20.082+0000] {manager.py:485} INFO - Checking for new files in /opt/airflow/dags every 300 seconds
[2023-03-17T12:19:20.083+0000] {manager.py:726} INFO - Searching for files in /opt/airflow/dags
[2023-03-17T12:19:20.086+0000] {manager.py:729} INFO - There are 4 files in /opt/airflow/dags
[2023-03-17T12:19:20.251+0000] {manager.py:854} INFO - 
================================================================================
DAG File Processing Stats

File Path                                PID  Runtime      # DAGs    # Errors  Last Runtime    Last Run
-------------------------------------  -----  ---------  --------  ----------  --------------  ----------
/opt/airflow/dags/example_mongodb.py      31  0.08s             0           0
/opt/airflow/dags/example_postgres.py     30  0.10s             0           0
/opt/airflow/dags/example_basic.py                              0           0
/opt/airflow/dags/example_dbt.py                                0           0
================================================================================
[2023-03-17T12:19:50.828+0000] {manager.py:854} INFO - 
================================================================================
DAG File Processing Stats

File Path                              PID    Runtime      # DAGs    # Errors  Last Runtime    Last Run
-------------------------------------  -----  ---------  --------  ----------  --------------  -------------------
/opt/airflow/dags/example_mongodb.py                            1           0  1.43s           2023-03-17T12:19:21
/opt/airflow/dags/example_postgres.py                           1           0  1.68s           2023-03-17T12:19:21
/opt/airflow/dags/example_basic.py                              1           0  0.92s           2023-03-17T12:19:22
/opt/airflow/dags/example_dbt.py                                1           0  1.03s           2023-03-17T12:19:22
================================================================================
[2023-03-17T12:20:07.669+0000] {manager.py:465} INFO - Exiting gracefully upon receiving signal 15
[2023-03-17T12:20:44.951+0000] {manager.py:483} INFO - Processing files using up to 2 processes at a time 
[2023-03-17T12:20:44.960+0000] {manager.py:484} INFO - Process each file at most once every 30 seconds
[2023-03-17T12:20:44.961+0000] {manager.py:485} INFO - Checking for new files in /opt/airflow/dags every 300 seconds
[2023-03-17T12:20:44.961+0000] {manager.py:726} INFO - Searching for files in /opt/airflow/dags
[2023-03-17T12:20:44.965+0000] {manager.py:729} INFO - There are 4 files in /opt/airflow/dags
[2023-03-17T12:20:45.233+0000] {manager.py:854} INFO - 
================================================================================
DAG File Processing Stats

File Path                                PID  Runtime      # DAGs    # Errors  Last Runtime    Last Run
-------------------------------------  -----  ---------  --------  ----------  --------------  ----------
/opt/airflow/dags/example_mongodb.py      31  0.16s             0           0
/opt/airflow/dags/example_postgres.py     30  0.18s             0           0
/opt/airflow/dags/example_basic.py                              0           0
/opt/airflow/dags/example_dbt.py                                0           0
================================================================================
[2023-03-17T12:21:16.009+0000] {manager.py:854} INFO - 
================================================================================
DAG File Processing Stats

File Path                                PID  Runtime      # DAGs    # Errors  Last Runtime    Last Run
-------------------------------------  -----  ---------  --------  ----------  --------------  -------------------
/opt/airflow/dags/example_mongodb.py      35  0.01s             1           0  0.55s           2023-03-17T12:20:45
/opt/airflow/dags/example_postgres.py     34  0.02s             1           0  0.46s           2023-03-17T12:20:45
/opt/airflow/dags/example_basic.py                              1           0  0.33s           2023-03-17T12:20:45
/opt/airflow/dags/example_dbt.py                                1           0  0.29s           2023-03-17T12:20:45
================================================================================
[2023-03-17T12:21:46.672+0000] {manager.py:854} INFO - 
================================================================================
DAG File Processing Stats

File Path                                PID  Runtime      # DAGs    # Errors  Last Runtime    Last Run
-------------------------------------  -----  ---------  --------  ----------  --------------  -------------------
/opt/airflow/dags/example_mongodb.py      39  0.01s             1           0  0.25s           2023-03-17T12:21:16
/opt/airflow/dags/example_postgres.py     38  0.02s             1           0  0.22s           2023-03-17T12:21:16
/opt/airflow/dags/example_basic.py                              1           0  0.27s           2023-03-17T12:21:16
/opt/airflow/dags/example_dbt.py                                1           0  0.25s           2023-03-17T12:21:16
================================================================================
[2023-03-17T12:22:17.386+0000] {manager.py:854} INFO - 
================================================================================
DAG File Processing Stats

File Path                                PID  Runtime      # DAGs    # Errors  Last Runtime    Last Run
-------------------------------------  -----  ---------  --------  ----------  --------------  -------------------
/opt/airflow/dags/example_mongodb.py      43  0.01s             1           0  0.52s           2023-03-17T12:21:47
/opt/airflow/dags/example_postgres.py     42  0.02s             1           0  0.25s           2023-03-17T12:21:46
/opt/airflow/dags/example_basic.py                              1           0  0.21s           2023-03-17T12:21:47
/opt/airflow/dags/example_dbt.py                                1           0  0.21s           2023-03-17T12:21:47
================================================================================
[2023-03-17T12:22:48.137+0000] {manager.py:854} INFO - 
================================================================================
DAG File Processing Stats

File Path                                PID  Runtime      # DAGs    # Errors  Last Runtime    Last Run
-------------------------------------  -----  ---------  --------  ----------  --------------  -------------------
/opt/airflow/dags/example_mongodb.py      47  0.01s             1           0  0.56s           2023-03-17T12:22:17
/opt/airflow/dags/example_postgres.py     46  0.02s             1           0  0.31s           2023-03-17T12:22:17
/opt/airflow/dags/example_basic.py                              1           0  0.19s           2023-03-17T12:22:18
/opt/airflow/dags/example_dbt.py                                1           0  0.22s           2023-03-17T12:22:17
================================================================================
[2023-03-17T12:23:18.735+0000] {manager.py:854} INFO - 
================================================================================
DAG File Processing Stats

File Path                                PID  Runtime      # DAGs    # Errors  Last Runtime    Last Run
-------------------------------------  -----  ---------  --------  ----------  --------------  -------------------
/opt/airflow/dags/example_mongodb.py      51  0.01s             1           0  0.42s           2023-03-17T12:22:48
/opt/airflow/dags/example_postgres.py     50  0.02s             1           0  0.21s           2023-03-17T12:22:48
/opt/airflow/dags/example_basic.py                              1           0  0.20s           2023-03-17T12:22:48
/opt/airflow/dags/example_dbt.py                                1           0  0.20s           2023-03-17T12:22:48
================================================================================
[2023-03-17T12:23:49.339+0000] {manager.py:854} INFO - 
================================================================================
DAG File Processing Stats

File Path                                PID  Runtime      # DAGs    # Errors  Last Runtime    Last Run
-------------------------------------  -----  ---------  --------  ----------  --------------  -------------------
/opt/airflow/dags/example_mongodb.py      55  0.01s             1           0  0.43s           2023-03-17T12:23:19
/opt/airflow/dags/example_postgres.py     54  0.02s             1           0  0.21s           2023-03-17T12:23:18
/opt/airflow/dags/example_basic.py                              1           0  0.18s           2023-03-17T12:23:19
/opt/airflow/dags/example_dbt.py                                1           0  0.20s           2023-03-17T12:23:19
================================================================================
[2023-03-17T12:24:19.959+0000] {manager.py:854} INFO - 
================================================================================
DAG File Processing Stats

File Path                                PID  Runtime      # DAGs    # Errors  Last Runtime    Last Run
-------------------------------------  -----  ---------  --------  ----------  --------------  -------------------
/opt/airflow/dags/example_mongodb.py      59  0.01s             1           0  0.44s           2023-03-17T12:23:49
/opt/airflow/dags/example_postgres.py     58  0.02s             1           0  0.23s           2023-03-17T12:23:49
/opt/airflow/dags/example_basic.py                              1           0  0.17s           2023-03-17T12:23:49
/opt/airflow/dags/example_dbt.py                                1           0  0.20s           2023-03-17T12:23:49
================================================================================
[2023-03-17T12:24:48.520+0000] {manager.py:465} INFO - Exiting gracefully upon receiving signal 15
