[2023-03-17T12:22:46.265+0000] {taskinstance.py:1083} INFO - Dependencies all met for <TaskInstance: example_basic.hello_task scheduled__2023-03-16T12:00:00+00:00 [queued]>
[2023-03-17T12:22:46.284+0000] {taskinstance.py:1083} INFO - Dependencies all met for <TaskInstance: example_basic.hello_task scheduled__2023-03-16T12:00:00+00:00 [queued]>
[2023-03-17T12:22:46.284+0000] {taskinstance.py:1279} INFO - 
--------------------------------------------------------------------------------
[2023-03-17T12:22:46.285+0000] {taskinstance.py:1280} INFO - Starting attempt 1 of 1
[2023-03-17T12:22:46.285+0000] {taskinstance.py:1281} INFO - 
--------------------------------------------------------------------------------
[2023-03-17T12:22:46.311+0000] {taskinstance.py:1300} INFO - Executing <Task(PythonOperator): hello_task> on 2023-03-16 12:00:00+00:00
[2023-03-17T12:22:46.320+0000] {standard_task_runner.py:55} INFO - Started process 74 to run task
[2023-03-17T12:22:46.325+0000] {standard_task_runner.py:82} INFO - Running: ['***', 'tasks', 'run', 'example_basic', 'hello_task', 'scheduled__2023-03-16T12:00:00+00:00', '--job-id', '6', '--raw', '--subdir', 'DAGS_FOLDER/example_basic.py', '--cfg-path', '/tmp/tmp9bwhmor2']
[2023-03-17T12:22:46.326+0000] {standard_task_runner.py:83} INFO - Job 6: Subtask hello_task
[2023-03-17T12:22:46.344+0000] {warnings.py:109} WARNING - /home/***/.local/lib/python3.9/site-packages/***/settings.py:249: DeprecationWarning: The sql_alchemy_conn option in [core] has been moved to the sql_alchemy_conn option in [database] - the old setting has been used, but please update your config.
  SQL_ALCHEMY_CONN = conf.get("database", "SQL_ALCHEMY_CONN")

[2023-03-17T12:22:46.377+0000] {warnings.py:109} WARNING - /home/***/.local/lib/python3.9/site-packages/***/utils/sqlalchemy.py:124: DeprecationWarning: The sql_alchemy_conn option in [core] has been moved to the sql_alchemy_conn option in [database] - the old setting has been used, but please update your config.
  return not conf.get("database", "sql_alchemy_conn").startswith("mssql")

[2023-03-17T12:22:46.423+0000] {task_command.py:388} INFO - Running <TaskInstance: example_basic.hello_task scheduled__2023-03-16T12:00:00+00:00 [running]> on host 507704a0a8a9
[2023-03-17T12:22:46.529+0000] {taskinstance.py:1507} INFO - Exporting the following env vars:
AIRFLOW_CTX_DAG_OWNER=***
AIRFLOW_CTX_DAG_ID=example_basic
AIRFLOW_CTX_TASK_ID=hello_task
AIRFLOW_CTX_EXECUTION_DATE=2023-03-16T12:00:00+00:00
AIRFLOW_CTX_TRY_NUMBER=1
AIRFLOW_CTX_DAG_RUN_ID=scheduled__2023-03-16T12:00:00+00:00
[2023-03-17T12:22:46.530+0000] {python.py:177} INFO - Done. Returned value was: Hello world from first Airflow DAG!
[2023-03-17T12:22:46.568+0000] {taskinstance.py:1318} INFO - Marking task as SUCCESS. dag_id=example_basic, task_id=hello_task, execution_date=20230316T120000, start_date=20230317T122246, end_date=20230317T122246
[2023-03-17T12:22:46.615+0000] {local_task_job.py:208} INFO - Task exited with return code 0
[2023-03-17T12:22:46.645+0000] {taskinstance.py:2578} INFO - 0 downstream tasks scheduled from follow-on schedule check
