[2023-03-17T12:19:20.186+0000] {processor.py:153} INFO - Started process (PID=31) to work on /opt/airflow/dags/example_mongodb.py
[2023-03-17T12:19:20.187+0000] {processor.py:743} INFO - Processing file /opt/airflow/dags/example_mongodb.py for tasks to queue
[2023-03-17T12:19:20.192+0000] {logging_mixin.py:137} INFO - [2023-03-17T12:19:20.192+0000] {dagbag.py:538} INFO - Filling up the DagBag from /opt/airflow/dags/example_mongodb.py
[2023-03-17T12:19:20.555+0000] {processor.py:753} INFO - DAG(s) dict_keys(['example_MongoDB']) retrieved from /opt/airflow/dags/example_mongodb.py
[2023-03-17T12:19:21.348+0000] {logging_mixin.py:137} INFO - [2023-03-17T12:19:21.348+0000] {manager.py:504} INFO - Created Permission View: can delete on DAG:example_MongoDB
[2023-03-17T12:19:21.370+0000] {logging_mixin.py:137} INFO - [2023-03-17T12:19:21.370+0000] {manager.py:504} INFO - Created Permission View: can edit on DAG:example_MongoDB
[2023-03-17T12:19:21.389+0000] {logging_mixin.py:137} INFO - [2023-03-17T12:19:21.388+0000] {manager.py:349} ERROR - Add Permission: (psycopg2.errors.UniqueViolation) duplicate key value violates unique constraint "ab_permission_name_uq"
DETAIL:  Key (name)=(can_read) already exists.

[SQL: INSERT INTO ab_permission (name) VALUES (%(name)s) RETURNING ab_permission.id]
[parameters: {'name': 'can_read'}]
(Background on this error at: https://sqlalche.me/e/14/gkpj)
[2023-03-17T12:19:21.409+0000] {logging_mixin.py:137} INFO - [2023-03-17T12:19:21.408+0000] {manager.py:504} INFO - Created Permission View: None on DAG:example_MongoDB
[2023-03-17T12:19:21.410+0000] {logging_mixin.py:137} INFO - [2023-03-17T12:19:21.409+0000] {dag.py:2690} INFO - Sync 1 DAGs
[2023-03-17T12:19:21.449+0000] {logging_mixin.py:137} INFO - [2023-03-17T12:19:21.448+0000] {dag.py:2711} INFO - Creating ORM DAG for example_MongoDB
[2023-03-17T12:19:21.496+0000] {logging_mixin.py:137} INFO - [2023-03-17T12:19:21.496+0000] {dag.py:3437} INFO - Setting next_dagrun for example_MongoDB to 2023-03-16T12:00:00+00:00, run_after=2023-03-17T12:00:00+00:00
[2023-03-17T12:19:21.551+0000] {processor.py:175} INFO - Processing /opt/airflow/dags/example_mongodb.py took 1.373 seconds
[2023-03-17T12:19:51.873+0000] {processor.py:153} INFO - Started process (PID=35) to work on /opt/airflow/dags/example_mongodb.py
[2023-03-17T12:19:51.875+0000] {processor.py:743} INFO - Processing file /opt/airflow/dags/example_mongodb.py for tasks to queue
[2023-03-17T12:19:51.876+0000] {logging_mixin.py:137} INFO - [2023-03-17T12:19:51.876+0000] {dagbag.py:538} INFO - Filling up the DagBag from /opt/airflow/dags/example_mongodb.py
[2023-03-17T12:19:52.362+0000] {processor.py:753} INFO - DAG(s) dict_keys(['example_MongoDB']) retrieved from /opt/airflow/dags/example_mongodb.py
[2023-03-17T12:19:52.410+0000] {logging_mixin.py:137} INFO - [2023-03-17T12:19:52.410+0000] {dag.py:2690} INFO - Sync 1 DAGs
[2023-03-17T12:19:52.480+0000] {logging_mixin.py:137} INFO - [2023-03-17T12:19:52.480+0000] {dag.py:3437} INFO - Setting next_dagrun for example_MongoDB to 2023-03-16T12:00:00+00:00, run_after=2023-03-17T12:00:00+00:00
[2023-03-17T12:19:52.529+0000] {processor.py:175} INFO - Processing /opt/airflow/dags/example_mongodb.py took 0.666 seconds
[2023-03-17T12:20:45.096+0000] {processor.py:153} INFO - Started process (PID=31) to work on /opt/airflow/dags/example_mongodb.py
[2023-03-17T12:20:45.097+0000] {processor.py:743} INFO - Processing file /opt/airflow/dags/example_mongodb.py for tasks to queue
[2023-03-17T12:20:45.099+0000] {logging_mixin.py:137} INFO - [2023-03-17T12:20:45.099+0000] {dagbag.py:538} INFO - Filling up the DagBag from /opt/airflow/dags/example_mongodb.py
[2023-03-17T12:20:45.353+0000] {processor.py:753} INFO - DAG(s) dict_keys(['example_MongoDB']) retrieved from /opt/airflow/dags/example_mongodb.py
[2023-03-17T12:20:45.425+0000] {logging_mixin.py:137} INFO - [2023-03-17T12:20:45.424+0000] {dag.py:2690} INFO - Sync 1 DAGs
[2023-03-17T12:20:45.517+0000] {logging_mixin.py:137} INFO - [2023-03-17T12:20:45.516+0000] {dag.py:3437} INFO - Setting next_dagrun for example_MongoDB to 2023-03-16T12:00:00+00:00, run_after=2023-03-17T12:00:00+00:00
[2023-03-17T12:20:45.573+0000] {processor.py:175} INFO - Processing /opt/airflow/dags/example_mongodb.py took 0.497 seconds
[2023-03-17T12:21:16.013+0000] {processor.py:153} INFO - Started process (PID=35) to work on /opt/airflow/dags/example_mongodb.py
[2023-03-17T12:21:16.014+0000] {processor.py:743} INFO - Processing file /opt/airflow/dags/example_mongodb.py for tasks to queue
[2023-03-17T12:21:16.015+0000] {logging_mixin.py:137} INFO - [2023-03-17T12:21:16.015+0000] {dagbag.py:538} INFO - Filling up the DagBag from /opt/airflow/dags/example_mongodb.py
[2023-03-17T12:21:16.111+0000] {processor.py:753} INFO - DAG(s) dict_keys(['example_MongoDB']) retrieved from /opt/airflow/dags/example_mongodb.py
[2023-03-17T12:21:16.148+0000] {logging_mixin.py:137} INFO - [2023-03-17T12:21:16.148+0000] {dag.py:2690} INFO - Sync 1 DAGs
[2023-03-17T12:21:16.198+0000] {logging_mixin.py:137} INFO - [2023-03-17T12:21:16.198+0000] {dag.py:3437} INFO - Setting next_dagrun for example_MongoDB to 2023-03-16T12:00:00+00:00, run_after=2023-03-17T12:00:00+00:00
[2023-03-17T12:21:16.235+0000] {processor.py:175} INFO - Processing /opt/airflow/dags/example_mongodb.py took 0.226 seconds
[2023-03-17T12:21:46.679+0000] {processor.py:153} INFO - Started process (PID=39) to work on /opt/airflow/dags/example_mongodb.py
[2023-03-17T12:21:46.681+0000] {processor.py:743} INFO - Processing file /opt/airflow/dags/example_mongodb.py for tasks to queue
[2023-03-17T12:21:46.682+0000] {logging_mixin.py:137} INFO - [2023-03-17T12:21:46.682+0000] {dagbag.py:538} INFO - Filling up the DagBag from /opt/airflow/dags/example_mongodb.py
[2023-03-17T12:21:46.798+0000] {processor.py:753} INFO - DAG(s) dict_keys(['example_MongoDB']) retrieved from /opt/airflow/dags/example_mongodb.py
[2023-03-17T12:21:46.841+0000] {logging_mixin.py:137} INFO - [2023-03-17T12:21:46.840+0000] {dag.py:2690} INFO - Sync 1 DAGs
[2023-03-17T12:21:46.896+0000] {logging_mixin.py:137} INFO - [2023-03-17T12:21:46.896+0000] {dag.py:3437} INFO - Setting next_dagrun for example_MongoDB to 2023-03-16T12:00:00+00:00, run_after=2023-03-17T12:00:00+00:00
[2023-03-17T12:21:47.155+0000] {processor.py:175} INFO - Processing /opt/airflow/dags/example_mongodb.py took 0.482 seconds
[2023-03-17T12:22:17.400+0000] {processor.py:153} INFO - Started process (PID=43) to work on /opt/airflow/dags/example_mongodb.py
[2023-03-17T12:22:17.402+0000] {processor.py:743} INFO - Processing file /opt/airflow/dags/example_mongodb.py for tasks to queue
[2023-03-17T12:22:17.404+0000] {logging_mixin.py:137} INFO - [2023-03-17T12:22:17.403+0000] {dagbag.py:538} INFO - Filling up the DagBag from /opt/airflow/dags/example_mongodb.py
[2023-03-17T12:22:17.574+0000] {processor.py:753} INFO - DAG(s) dict_keys(['example_MongoDB']) retrieved from /opt/airflow/dags/example_mongodb.py
[2023-03-17T12:22:17.620+0000] {logging_mixin.py:137} INFO - [2023-03-17T12:22:17.619+0000] {dag.py:2690} INFO - Sync 1 DAGs
[2023-03-17T12:22:17.878+0000] {logging_mixin.py:137} INFO - [2023-03-17T12:22:17.877+0000] {dag.py:3437} INFO - Setting next_dagrun for example_MongoDB to 2023-03-17T12:00:00+00:00, run_after=2023-03-18T12:00:00+00:00
[2023-03-17T12:22:17.914+0000] {processor.py:175} INFO - Processing /opt/airflow/dags/example_mongodb.py took 0.521 seconds
[2023-03-17T12:22:48.143+0000] {processor.py:153} INFO - Started process (PID=47) to work on /opt/airflow/dags/example_mongodb.py
[2023-03-17T12:22:48.144+0000] {processor.py:743} INFO - Processing file /opt/airflow/dags/example_mongodb.py for tasks to queue
[2023-03-17T12:22:48.145+0000] {logging_mixin.py:137} INFO - [2023-03-17T12:22:48.145+0000] {dagbag.py:538} INFO - Filling up the DagBag from /opt/airflow/dags/example_mongodb.py
[2023-03-17T12:22:48.236+0000] {processor.py:753} INFO - DAG(s) dict_keys(['example_MongoDB']) retrieved from /opt/airflow/dags/example_mongodb.py
[2023-03-17T12:22:48.271+0000] {logging_mixin.py:137} INFO - [2023-03-17T12:22:48.270+0000] {dag.py:2690} INFO - Sync 1 DAGs
[2023-03-17T12:22:48.491+0000] {logging_mixin.py:137} INFO - [2023-03-17T12:22:48.491+0000] {dag.py:3437} INFO - Setting next_dagrun for example_MongoDB to 2023-03-17T12:00:00+00:00, run_after=2023-03-18T12:00:00+00:00
[2023-03-17T12:22:48.523+0000] {processor.py:175} INFO - Processing /opt/airflow/dags/example_mongodb.py took 0.386 seconds
[2023-03-17T12:23:18.740+0000] {processor.py:153} INFO - Started process (PID=51) to work on /opt/airflow/dags/example_mongodb.py
[2023-03-17T12:23:18.740+0000] {processor.py:743} INFO - Processing file /opt/airflow/dags/example_mongodb.py for tasks to queue
[2023-03-17T12:23:18.741+0000] {logging_mixin.py:137} INFO - [2023-03-17T12:23:18.741+0000] {dagbag.py:538} INFO - Filling up the DagBag from /opt/airflow/dags/example_mongodb.py
[2023-03-17T12:23:18.826+0000] {processor.py:753} INFO - DAG(s) dict_keys(['example_MongoDB']) retrieved from /opt/airflow/dags/example_mongodb.py
[2023-03-17T12:23:18.860+0000] {logging_mixin.py:137} INFO - [2023-03-17T12:23:18.860+0000] {dag.py:2690} INFO - Sync 1 DAGs
[2023-03-17T12:23:19.089+0000] {logging_mixin.py:137} INFO - [2023-03-17T12:23:19.089+0000] {dag.py:3437} INFO - Setting next_dagrun for example_MongoDB to 2023-03-17T12:00:00+00:00, run_after=2023-03-18T12:00:00+00:00
[2023-03-17T12:23:19.128+0000] {processor.py:175} INFO - Processing /opt/airflow/dags/example_mongodb.py took 0.392 seconds
[2023-03-17T12:23:49.345+0000] {processor.py:153} INFO - Started process (PID=55) to work on /opt/airflow/dags/example_mongodb.py
[2023-03-17T12:23:49.346+0000] {processor.py:743} INFO - Processing file /opt/airflow/dags/example_mongodb.py for tasks to queue
[2023-03-17T12:23:49.347+0000] {logging_mixin.py:137} INFO - [2023-03-17T12:23:49.346+0000] {dagbag.py:538} INFO - Filling up the DagBag from /opt/airflow/dags/example_mongodb.py
[2023-03-17T12:23:49.439+0000] {processor.py:753} INFO - DAG(s) dict_keys(['example_MongoDB']) retrieved from /opt/airflow/dags/example_mongodb.py
[2023-03-17T12:23:49.659+0000] {logging_mixin.py:137} INFO - [2023-03-17T12:23:49.658+0000] {dag.py:2690} INFO - Sync 1 DAGs
[2023-03-17T12:23:49.714+0000] {logging_mixin.py:137} INFO - [2023-03-17T12:23:49.714+0000] {dag.py:3437} INFO - Setting next_dagrun for example_MongoDB to 2023-03-17T12:00:00+00:00, run_after=2023-03-18T12:00:00+00:00
[2023-03-17T12:23:49.748+0000] {processor.py:175} INFO - Processing /opt/airflow/dags/example_mongodb.py took 0.409 seconds
[2023-03-17T12:24:19.967+0000] {processor.py:153} INFO - Started process (PID=59) to work on /opt/airflow/dags/example_mongodb.py
[2023-03-17T12:24:19.967+0000] {processor.py:743} INFO - Processing file /opt/airflow/dags/example_mongodb.py for tasks to queue
[2023-03-17T12:24:19.969+0000] {logging_mixin.py:137} INFO - [2023-03-17T12:24:19.968+0000] {dagbag.py:538} INFO - Filling up the DagBag from /opt/airflow/dags/example_mongodb.py
[2023-03-17T12:24:20.215+0000] {processor.py:753} INFO - DAG(s) dict_keys(['example_MongoDB']) retrieved from /opt/airflow/dags/example_mongodb.py
[2023-03-17T12:24:20.247+0000] {logging_mixin.py:137} INFO - [2023-03-17T12:24:20.246+0000] {dag.py:2690} INFO - Sync 1 DAGs
[2023-03-17T12:24:20.290+0000] {logging_mixin.py:137} INFO - [2023-03-17T12:24:20.290+0000] {dag.py:3437} INFO - Setting next_dagrun for example_MongoDB to 2023-03-17T12:00:00+00:00, run_after=2023-03-18T12:00:00+00:00
[2023-03-17T12:24:20.337+0000] {processor.py:175} INFO - Processing /opt/airflow/dags/example_mongodb.py took 0.377 seconds
