[2023-03-17T12:19:21.626+0000] {processor.py:153} INFO - Started process (PID=32) to work on /opt/airflow/dags/example_dbt.py
[2023-03-17T12:19:21.628+0000] {processor.py:743} INFO - Processing file /opt/airflow/dags/example_dbt.py for tasks to queue
[2023-03-17T12:19:21.629+0000] {logging_mixin.py:137} INFO - [2023-03-17T12:19:21.629+0000] {dagbag.py:538} INFO - Filling up the DagBag from /opt/airflow/dags/example_dbt.py
[2023-03-17T12:19:21.686+0000] {processor.py:753} INFO - DAG(s) dict_keys(['example_dbt']) retrieved from /opt/airflow/dags/example_dbt.py
[2023-03-17T12:19:22.028+0000] {logging_mixin.py:137} INFO - [2023-03-17T12:19:22.027+0000] {manager.py:504} INFO - Created Permission View: can delete on DAG:example_dbt
[2023-03-17T12:19:22.058+0000] {logging_mixin.py:137} INFO - [2023-03-17T12:19:22.058+0000] {manager.py:504} INFO - Created Permission View: can edit on DAG:example_dbt
[2023-03-17T12:19:22.083+0000] {logging_mixin.py:137} INFO - [2023-03-17T12:19:22.083+0000] {manager.py:504} INFO - Created Permission View: can read on DAG:example_dbt
[2023-03-17T12:19:22.084+0000] {logging_mixin.py:137} INFO - [2023-03-17T12:19:22.084+0000] {dag.py:2690} INFO - Sync 1 DAGs
[2023-03-17T12:19:22.476+0000] {logging_mixin.py:137} INFO - [2023-03-17T12:19:22.476+0000] {dag.py:2711} INFO - Creating ORM DAG for example_dbt
[2023-03-17T12:19:22.538+0000] {logging_mixin.py:137} INFO - [2023-03-17T12:19:22.537+0000] {dag.py:3437} INFO - Setting next_dagrun for example_dbt to 2023-03-17T11:00:00+00:00, run_after=2023-03-17T12:00:00+00:00
[2023-03-17T12:19:22.590+0000] {processor.py:175} INFO - Processing /opt/airflow/dags/example_dbt.py took 0.972 seconds
[2023-03-17T12:19:53.249+0000] {processor.py:153} INFO - Started process (PID=36) to work on /opt/airflow/dags/example_dbt.py
[2023-03-17T12:19:53.261+0000] {processor.py:743} INFO - Processing file /opt/airflow/dags/example_dbt.py for tasks to queue
[2023-03-17T12:19:53.263+0000] {logging_mixin.py:137} INFO - [2023-03-17T12:19:53.262+0000] {dagbag.py:538} INFO - Filling up the DagBag from /opt/airflow/dags/example_dbt.py
[2023-03-17T12:19:53.311+0000] {processor.py:753} INFO - DAG(s) dict_keys(['example_dbt']) retrieved from /opt/airflow/dags/example_dbt.py
[2023-03-17T12:19:53.368+0000] {logging_mixin.py:137} INFO - [2023-03-17T12:19:53.368+0000] {dag.py:2690} INFO - Sync 1 DAGs
[2023-03-17T12:19:53.452+0000] {logging_mixin.py:137} INFO - [2023-03-17T12:19:53.452+0000] {dag.py:3437} INFO - Setting next_dagrun for example_dbt to 2023-03-17T11:00:00+00:00, run_after=2023-03-17T12:00:00+00:00
[2023-03-17T12:19:53.506+0000] {processor.py:175} INFO - Processing /opt/airflow/dags/example_dbt.py took 0.265 seconds
[2023-03-17T12:20:45.540+0000] {processor.py:153} INFO - Started process (PID=32) to work on /opt/airflow/dags/example_dbt.py
[2023-03-17T12:20:45.542+0000] {processor.py:743} INFO - Processing file /opt/airflow/dags/example_dbt.py for tasks to queue
[2023-03-17T12:20:45.544+0000] {logging_mixin.py:137} INFO - [2023-03-17T12:20:45.544+0000] {dagbag.py:538} INFO - Filling up the DagBag from /opt/airflow/dags/example_dbt.py
[2023-03-17T12:20:45.604+0000] {processor.py:753} INFO - DAG(s) dict_keys(['example_dbt']) retrieved from /opt/airflow/dags/example_dbt.py
[2023-03-17T12:20:45.633+0000] {logging_mixin.py:137} INFO - [2023-03-17T12:20:45.633+0000] {dag.py:2690} INFO - Sync 1 DAGs
[2023-03-17T12:20:45.705+0000] {logging_mixin.py:137} INFO - [2023-03-17T12:20:45.705+0000] {dag.py:3437} INFO - Setting next_dagrun for example_dbt to 2023-03-17T11:00:00+00:00, run_after=2023-03-17T12:00:00+00:00
[2023-03-17T12:20:45.765+0000] {processor.py:175} INFO - Processing /opt/airflow/dags/example_dbt.py took 0.234 seconds
[2023-03-17T12:21:16.236+0000] {processor.py:153} INFO - Started process (PID=36) to work on /opt/airflow/dags/example_dbt.py
[2023-03-17T12:21:16.237+0000] {processor.py:743} INFO - Processing file /opt/airflow/dags/example_dbt.py for tasks to queue
[2023-03-17T12:21:16.239+0000] {logging_mixin.py:137} INFO - [2023-03-17T12:21:16.238+0000] {dagbag.py:538} INFO - Filling up the DagBag from /opt/airflow/dags/example_dbt.py
[2023-03-17T12:21:16.270+0000] {processor.py:753} INFO - DAG(s) dict_keys(['example_dbt']) retrieved from /opt/airflow/dags/example_dbt.py
[2023-03-17T12:21:16.318+0000] {logging_mixin.py:137} INFO - [2023-03-17T12:21:16.317+0000] {dag.py:2690} INFO - Sync 1 DAGs
[2023-03-17T12:21:16.383+0000] {logging_mixin.py:137} INFO - [2023-03-17T12:21:16.383+0000] {dag.py:3437} INFO - Setting next_dagrun for example_dbt to 2023-03-17T11:00:00+00:00, run_after=2023-03-17T12:00:00+00:00
[2023-03-17T12:21:16.439+0000] {processor.py:175} INFO - Processing /opt/airflow/dags/example_dbt.py took 0.210 seconds
[2023-03-17T12:21:46.920+0000] {processor.py:153} INFO - Started process (PID=40) to work on /opt/airflow/dags/example_dbt.py
[2023-03-17T12:21:46.921+0000] {processor.py:743} INFO - Processing file /opt/airflow/dags/example_dbt.py for tasks to queue
[2023-03-17T12:21:46.922+0000] {logging_mixin.py:137} INFO - [2023-03-17T12:21:46.922+0000] {dagbag.py:538} INFO - Filling up the DagBag from /opt/airflow/dags/example_dbt.py
[2023-03-17T12:21:46.962+0000] {processor.py:753} INFO - DAG(s) dict_keys(['example_dbt']) retrieved from /opt/airflow/dags/example_dbt.py
[2023-03-17T12:21:47.009+0000] {logging_mixin.py:137} INFO - [2023-03-17T12:21:47.009+0000] {dag.py:2690} INFO - Sync 1 DAGs
[2023-03-17T12:21:47.063+0000] {logging_mixin.py:137} INFO - [2023-03-17T12:21:47.062+0000] {dag.py:3437} INFO - Setting next_dagrun for example_dbt to 2023-03-17T11:00:00+00:00, run_after=2023-03-17T12:00:00+00:00
[2023-03-17T12:21:47.101+0000] {processor.py:175} INFO - Processing /opt/airflow/dags/example_dbt.py took 0.187 seconds
[2023-03-17T12:22:17.701+0000] {processor.py:153} INFO - Started process (PID=44) to work on /opt/airflow/dags/example_dbt.py
[2023-03-17T12:22:17.702+0000] {processor.py:743} INFO - Processing file /opt/airflow/dags/example_dbt.py for tasks to queue
[2023-03-17T12:22:17.703+0000] {logging_mixin.py:137} INFO - [2023-03-17T12:22:17.703+0000] {dagbag.py:538} INFO - Filling up the DagBag from /opt/airflow/dags/example_dbt.py
[2023-03-17T12:22:17.746+0000] {processor.py:753} INFO - DAG(s) dict_keys(['example_dbt']) retrieved from /opt/airflow/dags/example_dbt.py
[2023-03-17T12:22:17.790+0000] {logging_mixin.py:137} INFO - [2023-03-17T12:22:17.790+0000] {dag.py:2690} INFO - Sync 1 DAGs
[2023-03-17T12:22:17.887+0000] {processor.py:175} INFO - Processing /opt/airflow/dags/example_dbt.py took 0.193 seconds
[2023-03-17T12:22:48.346+0000] {processor.py:153} INFO - Started process (PID=48) to work on /opt/airflow/dags/example_dbt.py
[2023-03-17T12:22:48.350+0000] {processor.py:743} INFO - Processing file /opt/airflow/dags/example_dbt.py for tasks to queue
[2023-03-17T12:22:48.351+0000] {logging_mixin.py:137} INFO - [2023-03-17T12:22:48.351+0000] {dagbag.py:538} INFO - Filling up the DagBag from /opt/airflow/dags/example_dbt.py
[2023-03-17T12:22:48.386+0000] {processor.py:753} INFO - DAG(s) dict_keys(['example_dbt']) retrieved from /opt/airflow/dags/example_dbt.py
[2023-03-17T12:22:48.424+0000] {logging_mixin.py:137} INFO - [2023-03-17T12:22:48.424+0000] {dag.py:2690} INFO - Sync 1 DAGs
[2023-03-17T12:22:48.473+0000] {logging_mixin.py:137} INFO - [2023-03-17T12:22:48.472+0000] {dag.py:3437} INFO - Setting next_dagrun for example_dbt to 2023-03-17T12:00:00+00:00, run_after=2023-03-17T13:00:00+00:00
[2023-03-17T12:22:48.513+0000] {processor.py:175} INFO - Processing /opt/airflow/dags/example_dbt.py took 0.172 seconds
[2023-03-17T12:23:18.953+0000] {processor.py:153} INFO - Started process (PID=52) to work on /opt/airflow/dags/example_dbt.py
[2023-03-17T12:23:18.954+0000] {processor.py:743} INFO - Processing file /opt/airflow/dags/example_dbt.py for tasks to queue
[2023-03-17T12:23:18.956+0000] {logging_mixin.py:137} INFO - [2023-03-17T12:23:18.956+0000] {dagbag.py:538} INFO - Filling up the DagBag from /opt/airflow/dags/example_dbt.py
[2023-03-17T12:23:18.985+0000] {processor.py:753} INFO - DAG(s) dict_keys(['example_dbt']) retrieved from /opt/airflow/dags/example_dbt.py
[2023-03-17T12:23:19.026+0000] {logging_mixin.py:137} INFO - [2023-03-17T12:23:19.025+0000] {dag.py:2690} INFO - Sync 1 DAGs
[2023-03-17T12:23:19.084+0000] {logging_mixin.py:137} INFO - [2023-03-17T12:23:19.084+0000] {dag.py:3437} INFO - Setting next_dagrun for example_dbt to 2023-03-17T12:00:00+00:00, run_after=2023-03-17T13:00:00+00:00
[2023-03-17T12:23:19.122+0000] {processor.py:175} INFO - Processing /opt/airflow/dags/example_dbt.py took 0.175 seconds
[2023-03-17T12:23:49.575+0000] {processor.py:153} INFO - Started process (PID=56) to work on /opt/airflow/dags/example_dbt.py
[2023-03-17T12:23:49.577+0000] {processor.py:743} INFO - Processing file /opt/airflow/dags/example_dbt.py for tasks to queue
[2023-03-17T12:23:49.578+0000] {logging_mixin.py:137} INFO - [2023-03-17T12:23:49.578+0000] {dagbag.py:538} INFO - Filling up the DagBag from /opt/airflow/dags/example_dbt.py
[2023-03-17T12:23:49.614+0000] {processor.py:753} INFO - DAG(s) dict_keys(['example_dbt']) retrieved from /opt/airflow/dags/example_dbt.py
[2023-03-17T12:23:49.658+0000] {logging_mixin.py:137} INFO - [2023-03-17T12:23:49.658+0000] {dag.py:2690} INFO - Sync 1 DAGs
[2023-03-17T12:23:49.704+0000] {logging_mixin.py:137} INFO - [2023-03-17T12:23:49.704+0000] {dag.py:3437} INFO - Setting next_dagrun for example_dbt to 2023-03-17T12:00:00+00:00, run_after=2023-03-17T13:00:00+00:00
[2023-03-17T12:23:49.738+0000] {processor.py:175} INFO - Processing /opt/airflow/dags/example_dbt.py took 0.169 seconds
[2023-03-17T12:24:20.177+0000] {processor.py:153} INFO - Started process (PID=60) to work on /opt/airflow/dags/example_dbt.py
[2023-03-17T12:24:20.178+0000] {processor.py:743} INFO - Processing file /opt/airflow/dags/example_dbt.py for tasks to queue
[2023-03-17T12:24:20.179+0000] {logging_mixin.py:137} INFO - [2023-03-17T12:24:20.178+0000] {dagbag.py:538} INFO - Filling up the DagBag from /opt/airflow/dags/example_dbt.py
[2023-03-17T12:24:20.209+0000] {processor.py:753} INFO - DAG(s) dict_keys(['example_dbt']) retrieved from /opt/airflow/dags/example_dbt.py
[2023-03-17T12:24:20.248+0000] {logging_mixin.py:137} INFO - [2023-03-17T12:24:20.247+0000] {dag.py:2690} INFO - Sync 1 DAGs
[2023-03-17T12:24:20.297+0000] {logging_mixin.py:137} INFO - [2023-03-17T12:24:20.297+0000] {dag.py:3437} INFO - Setting next_dagrun for example_dbt to 2023-03-17T12:00:00+00:00, run_after=2023-03-17T13:00:00+00:00
[2023-03-17T12:24:20.339+0000] {processor.py:175} INFO - Processing /opt/airflow/dags/example_dbt.py took 0.169 seconds
