[2023-03-17T12:21:59.956+0000] {taskinstance.py:1083} INFO - Dependencies all met for <TaskInstance: example_MongoDB.mongodb_query_task scheduled__2023-03-16T12:00:00+00:00 [queued]>
[2023-03-17T12:21:59.969+0000] {taskinstance.py:1083} INFO - Dependencies all met for <TaskInstance: example_MongoDB.mongodb_query_task scheduled__2023-03-16T12:00:00+00:00 [queued]>
[2023-03-17T12:21:59.969+0000] {taskinstance.py:1279} INFO - 
--------------------------------------------------------------------------------
[2023-03-17T12:21:59.969+0000] {taskinstance.py:1280} INFO - Starting attempt 1 of 1
[2023-03-17T12:21:59.969+0000] {taskinstance.py:1281} INFO - 
--------------------------------------------------------------------------------
[2023-03-17T12:21:59.985+0000] {taskinstance.py:1300} INFO - Executing <Task(PythonOperator): mongodb_query_task> on 2023-03-16 12:00:00+00:00
[2023-03-17T12:21:59.992+0000] {standard_task_runner.py:55} INFO - Started process 52 to run task
[2023-03-17T12:21:59.997+0000] {standard_task_runner.py:82} INFO - Running: ['***', 'tasks', 'run', 'example_MongoDB', 'mongodb_query_task', 'scheduled__2023-03-16T12:00:00+00:00', '--job-id', '4', '--raw', '--subdir', 'DAGS_FOLDER/example_mongodb.py', '--cfg-path', '/tmp/tmp3krdu7o8']
[2023-03-17T12:21:59.998+0000] {standard_task_runner.py:83} INFO - Job 4: Subtask mongodb_query_task
[2023-03-17T12:22:00.017+0000] {warnings.py:109} WARNING - /home/***/.local/lib/python3.9/site-packages/***/settings.py:249: DeprecationWarning: The sql_alchemy_conn option in [core] has been moved to the sql_alchemy_conn option in [database] - the old setting has been used, but please update your config.
  SQL_ALCHEMY_CONN = conf.get("database", "SQL_ALCHEMY_CONN")

[2023-03-17T12:22:00.046+0000] {warnings.py:109} WARNING - /home/***/.local/lib/python3.9/site-packages/***/utils/sqlalchemy.py:124: DeprecationWarning: The sql_alchemy_conn option in [core] has been moved to the sql_alchemy_conn option in [database] - the old setting has been used, but please update your config.
  return not conf.get("database", "sql_alchemy_conn").startswith("mssql")

[2023-03-17T12:22:00.089+0000] {task_command.py:388} INFO - Running <TaskInstance: example_MongoDB.mongodb_query_task scheduled__2023-03-16T12:00:00+00:00 [running]> on host 507704a0a8a9
[2023-03-17T12:22:00.195+0000] {taskinstance.py:1507} INFO - Exporting the following env vars:
AIRFLOW_CTX_DAG_OWNER=***
AIRFLOW_CTX_DAG_ID=example_MongoDB
AIRFLOW_CTX_TASK_ID=mongodb_query_task
AIRFLOW_CTX_EXECUTION_DATE=2023-03-16T12:00:00+00:00
AIRFLOW_CTX_TRY_NUMBER=1
AIRFLOW_CTX_DAG_RUN_ID=scheduled__2023-03-16T12:00:00+00:00
[2023-03-17T12:22:00.198+0000] {crypto.py:83} WARNING - empty cryptography key - values will not be stored encrypted.
[2023-03-17T12:22:00.200+0000] {base.py:73} INFO - Using connection ID 'mongodb_connid' for task execution.
[2023-03-17T12:22:00.218+0000] {logging_mixin.py:137} INFO - <pymongo.cursor.Cursor object at 0x7f922de45a00>
[2023-03-17T12:22:00.242+0000] {logging_mixin.py:137} INFO - {'_id': ObjectId('64145aacbe285dc08de92752'), 'org': 'helpdev', 'filter': 'EVENT_A', 'addrs': 'http://rest_client_1:8080/wh'}
[2023-03-17T12:22:00.242+0000] {logging_mixin.py:137} INFO - {'_id': ObjectId('64145aacbe285dc08de92753'), 'org': 'helpdev', 'filter': 'EVENT_B', 'addrs': 'http://rest_client_2:8081/wh'}
[2023-03-17T12:22:00.242+0000] {logging_mixin.py:137} INFO - {'_id': ObjectId('64145aacbe285dc08de92754'), 'org': 'github', 'filter': 'EVENT_C', 'addrs': 'http://rest_client_3:8082/wh'}
[2023-03-17T12:22:00.243+0000] {python.py:177} INFO - Done. Returned value was: None
[2023-03-17T12:22:00.262+0000] {taskinstance.py:1318} INFO - Marking task as SUCCESS. dag_id=example_MongoDB, task_id=mongodb_query_task, execution_date=20230316T120000, start_date=20230317T122159, end_date=20230317T122200
[2023-03-17T12:22:00.327+0000] {local_task_job.py:208} INFO - Task exited with return code 0
[2023-03-17T12:22:00.372+0000] {taskinstance.py:2578} INFO - 0 downstream tasks scheduled from follow-on schedule check
